<?xml version="1.0" encoding="utf-8"?><testsuites><testsuite name="pytest" errors="0" failures="0" skipped="0" tests="2" time="0.734" timestamp="2024-11-18T09:29:21.870173+00:00" hostname="ODCL"><testcase classname="inventory.tests.test_models.product_category_tests.TestProductCategoryModel" name="test_create_product_category" time="0.650" /><testcase classname="inventory.tests.test_models.product_category_tests.TestProductCategoryModel" name="test_update_product_category" time="0.039" /></testsuite></testsuites>